<?xml version="1.0" encoding="UTF-8"?>
<!-- Generated by org.testng.reporters.JUnitReportReporter -->
<testsuite skipped="1" hostname="LAPTOP-NVQGF7OR" name="APIAutomation.API.GetUsingPojo" tests="2" failures="0" timestamp="2021-08-21T20:05:04 IST" time="5.385" errors="0">
  <testcase name="getAllUsersUsingPojo" time="5.385" classname="APIAutomation.API.GetUsingPojo"/>
  <system-out/>
  <testcase name="getUsingPojo" classname="APIAutomation.API.GetUsingPojo">
    <skipped/>
  </testcase> <!-- getUsingPojo -->
  <system-out/>
</testsuite> <!-- APIAutomation.API.GetUsingPojo -->
