<?xml version="1.0" encoding="UTF-8"?>
<!-- Generated by org.testng.reporters.JUnitReportReporter -->
<testsuite skipped="0" hostname="LAPTOP-NVQGF7OR" name="APIAutomation.API.RestAssuredBasics" tests="1" failures="0" timestamp="2020-12-26T22:11:50 IST" time="4.239" errors="0">
  <testcase name="startTest" time="4.239" classname="APIAutomation.API.RestAssuredBasics"/>
  <system-out/>
</testsuite> <!-- APIAutomation.API.RestAssuredBasics -->
