<?xml version="1.0" encoding="UTF-8"?>
<!-- Generated by org.testng.reporters.JUnitReportReporter -->
<testsuite skipped="1" hostname="LAPTOP-NVQGF7OR" name="APIAutomation.API.GetMethod" tests="2" failures="0" timestamp="2021-08-25T10:55:04 IST" time="4.124" errors="0">
  <testcase name="optionsMethod" time="4.124" classname="APIAutomation.API.GetMethod"/>
  <system-out/>
  <testcase name="getMethod" classname="APIAutomation.API.GetMethod">
    <skipped/>
  </testcase> <!-- getMethod -->
  <system-out/>
</testsuite> <!-- APIAutomation.API.GetMethod -->
