<?xml version="1.0" encoding="UTF-8"?>
<!-- Generated by org.testng.reporters.JUnitReportReporter -->
<testsuite skipped="0" hostname="LAPTOP-NVQGF7OR" name="APIAutomation.API.CombinationMethods" tests="2" failures="0" timestamp="2020-12-28T00:02:56 IST" time="5.822" errors="0">
  <testcase name="postMethod" time="5.036" classname="APIAutomation.API.CombinationMethods"/>
  <system-out/>
  <testcase name="getMethod" time="0.786" classname="APIAutomation.API.CombinationMethods"/>
  <system-out/>
</testsuite> <!-- APIAutomation.API.CombinationMethods -->
