<?xml version="1.0" encoding="UTF-8"?>
<!-- Generated by org.testng.reporters.JUnitReportReporter -->
<testsuite skipped="0" hostname="LAPTOP-NVQGF7OR" name="APIAutomation.API.DeleteMethod" tests="1" failures="0" timestamp="2021-08-25T10:51:35 IST" time="6.015" errors="0">
  <testcase name="deleteDetails" time="6.015" classname="APIAutomation.API.DeleteMethod"/>
  <system-out/>
</testsuite> <!-- APIAutomation.API.DeleteMethod -->
