<?xml version="1.0" encoding="UTF-8"?>
<!-- Generated by org.testng.reporters.JUnitReportReporter -->
<testsuite skipped="0" hostname="LAPTOP-NVQGF7OR" name="Utility.GenRandomData" tests="1" failures="0" timestamp="2021-08-25T11:38:11 IST" time="0.017" errors="0">
  <testcase name="numeric" time="0.017" classname="Utility.GenRandomData"/>
  <system-out/>
</testsuite> <!-- Utility.GenRandomData -->
