<?xml version="1.0" encoding="UTF-8"?>
<!-- Generated by org.testng.reporters.JUnitReportReporter -->
<testsuite skipped="0" hostname="LAPTOP-NVQGF7OR" name="APIAutomation.API.FetchJsonHeaderCookiesDetails" tests="3" failures="0" timestamp="2021-01-08T14:05:52 IST" time="6.351" errors="0">
  <testcase name="fetchJsonDetails" time="6.123" classname="APIAutomation.API.FetchJsonHeaderCookiesDetails"/>
  <system-out/>
  <testcase name="fetchHeaderDetails" time="0.005" classname="APIAutomation.API.FetchJsonHeaderCookiesDetails"/>
  <system-out/>
  <testcase name="fetchCookiesDetails" time="0.223" classname="APIAutomation.API.FetchJsonHeaderCookiesDetails"/>
  <system-out/>
</testsuite> <!-- APIAutomation.API.FetchJsonHeaderCookiesDetails -->
