<?xml version="1.0" encoding="UTF-8"?>
<!-- Generated by org.testng.reporters.JUnitReportReporter -->
<testsuite skipped="0" hostname="LAPTOP-NVQGF7OR" name="APIAutomation.API.PostMethod" tests="1" failures="0" timestamp="2021-03-26T11:54:26 IST" time="6.935" errors="0">
  <testcase name="postMethod" time="6.935" classname="APIAutomation.API.PostMethod"/>
  <system-out/>
</testsuite> <!-- APIAutomation.API.PostMethod -->
