<?xml version="1.0" encoding="UTF-8"?>
<!-- Generated by org.testng.reporters.JUnitReportReporter -->
<testsuite skipped="1" hostname="LAPTOP-NVQGF7OR" name="Utility.ComplexTestDataCreation" tests="2" failures="0" timestamp="2021-08-30T11:33:14 IST" time="0.012" errors="0">
  <testcase name="mapData" time="0.012" classname="Utility.ComplexTestDataCreation"/>
  <system-out/>
  <testcase name="jsonObject" classname="Utility.ComplexTestDataCreation">
    <skipped/>
  </testcase> <!-- jsonObject -->
  <system-out/>
</testsuite> <!-- Utility.ComplexTestDataCreation -->
